Thu Jan  2 22:41:21 2025       
+-----------------------------------------------------------------------------------------+
| NVIDIA-SMI 565.57.01              Driver Version: 565.57.01      CUDA Version: 12.7     |
|-----------------------------------------+------------------------+----------------------+
| GPU  Name                 Persistence-M | Bus-Id          Disp.A | Volatile Uncorr. ECC |
| Fan  Temp   Perf          Pwr:Usage/Cap |           Memory-Usage | GPU-Util  Compute M. |
|                                         |                        |               MIG M. |
|=========================================+========================+======================|
|   0  NVIDIA GeForce GTX 1080 Ti     On  |   00000000:02:00.0 Off |                  N/A |
| 29%   28C    P8              9W /  250W |       5MiB /  11264MiB |      0%      Default |
|                                         |                        |                  N/A |
+-----------------------------------------+------------------------+----------------------+
|   1  NVIDIA GeForce GTX 1080 Ti     On  |   00000000:03:00.0 Off |                  N/A |
| 29%   28C    P8              8W /  250W |       5MiB /  11264MiB |      0%      Default |
|                                         |                        |                  N/A |
+-----------------------------------------+------------------------+----------------------+
|   2  NVIDIA GeForce GTX 1080 Ti     On  |   00000000:82:00.0 Off |                  N/A |
| 29%   25C    P8              8W /  250W |       5MiB /  11264MiB |      0%      Default |
|                                         |                        |                  N/A |
+-----------------------------------------+------------------------+----------------------+
|   3  NVIDIA GeForce GTX 1080 Ti     On  |   00000000:83:00.0 Off |                  N/A |
| 29%   26C    P8              8W /  250W |       5MiB /  11264MiB |      0%      Default |
|                                         |                        |                  N/A |
+-----------------------------------------+------------------------+----------------------+
                                                                                         
+-----------------------------------------------------------------------------------------+
| Processes:                                                                              |
|  GPU   GI   CI        PID   Type   Process name                              GPU Memory |
|        ID   ID                                                               Usage      |
|=========================================================================================|
|  No running processes found                                                             |
+-----------------------------------------------------------------------------------------+

CUDA Environment:
CUDA available: True
CUDA version: 12.1
CUDA_VISIBLE_DEVICES: 2
Number of GPUs: 1

Available GPUs:
Traceback (most recent call last):
  File "/mnt/guanabana/raid/home/qinxu/Python/LCF-ViT/mlp.py", line 179, in <module>
    test_dataloader()
  File "/mnt/guanabana/raid/home/qinxu/Python/LCF-ViT/mlp.py", line 95, in test_dataloader
    print(f"GPU {i}: {torch.cuda.get_device_name(i)}")
                      ^^^^^^^^^^^^^^^^^^^^^^^^^^^^^
  File "/mnt/guanabana/raid/home/qinxu/land_cover_fraction/lib/python3.12/site-packages/torch/cuda/__init__.py", line 423, in get_device_name
    return get_device_properties(device).name
           ^^^^^^^^^^^^^^^^^^^^^^^^^^^^^
  File "/mnt/guanabana/raid/home/qinxu/land_cover_fraction/lib/python3.12/site-packages/torch/cuda/__init__.py", line 453, in get_device_properties
    _lazy_init()  # will define _get_device_properties
    ^^^^^^^^^^^^
  File "/mnt/guanabana/raid/home/qinxu/land_cover_fraction/lib/python3.12/site-packages/torch/cuda/__init__.py", line 302, in _lazy_init
    torch._C._cuda_init()
RuntimeError: Unrecognized CachingAllocator option: max_split_size_mb=512
