/mnt/guanabana/raid/home/qinxu/land_cover_fraction/lib/python3.12/site-packages/torch/utils/data/dataloader.py:558: UserWarning: This DataLoader will create 16 worker processes in total. Our suggested max number of worker in current system is 12, which is smaller than what this DataLoader is going to create. Please be aware that excessive worker creation might get DataLoader running slow or even freeze, lower the worker number to avoid potential slowness/freeze if necessary.
  warnings.warn(_create_warning_msg(
Found 3 GPUs!
GPU 0: NVIDIA GeForce GTX 1080 Ti
Memory allocated: 0.00 GB
Memory reserved: 0.00 GB
GPU 1: NVIDIA GeForce GTX 1080 Ti
Memory allocated: 0.00 GB
Memory reserved: 0.00 GB
GPU 2: NVIDIA GeForce GTX 1080 Ti
Memory allocated: 0.00 GB
Memory reserved: 0.00 GB

Batch size per GPU: 16
Total batch size: 48
Loaded pretrained weights with message: _IncompatibleKeys(missing_keys=['patch_norm.weight', 'patch_norm.bias', 'temp_embedding.weight', 'temp_proj.weight', 'temp_proj.bias', 'regression_head.0.weight', 'regression_head.0.bias', 'regression_head.1.weight', 'regression_head.1.bias', 'regression_head.4.weight', 'regression_head.4.bias', 'regression_head.7.weight', 'regression_head.7.bias'], unexpected_keys=[])

Initializing Training Dataset (monthly):
Sentinel data path: /mnt/guanabana/raid/shared/dropbox/QinLennart/Sentinel_Normalised/Training/monthly
Ground truth path: /mnt/guanabana/raid/shared/dropbox/QinLennart/GT_rasters/Training/Stacked
Validating ground truth files...

Validation Results:
Valid locations: 11269
Skipped locations: 41
- missing_gt: 0
- incomplete_gt_years: 22
- wrong_gt_shape: 19
- missing_sentinel: 0
- incomplete_sentinel: 0
- wrong_sentinel_shape: 0
Validating Sentinel data for monthly mode...

Validation Summary:
Total locations checked: 11269
Locations with missing bands: 2
Total incomplete months: 84
Valid location-time pairs: 207228

Found 207228 complete location-time pairs
Found 207228 unique location-time pairs for monthly training data

Detailed report saved to: /mnt/guanabana/raid/hdd1/qinxu/Python/LCF-ViT/data/results/dataset_report_monthly.txt

DataLoader Configuration:
Dataset size: 207228 samples
Batch size: 48
Number of workers: 16
Expected iterations per epoch: 4317

Initializing Val_set Dataset (monthly):
Sentinel data path: /mnt/guanabana/raid/shared/dropbox/QinLennart/Sentinel_Normalised/Val_set/monthly
Ground truth path: /mnt/guanabana/raid/shared/dropbox/QinLennart/GT_rasters/Val_set
Validating ground truth files...

Validation Results:
Valid locations: 2087
Skipped locations: 0
- missing_gt: 0
- incomplete_gt_years: 0
- wrong_gt_shape: 0
- missing_sentinel: 0
- incomplete_sentinel: 0
- wrong_sentinel_shape: 0
Validating Sentinel data for monthly mode...

Validation Summary:
Total locations checked: 2087
Locations with missing bands: 37
Total incomplete months: 1554
Valid location-time pairs: 86100

Found 86100 complete location-time pairs
Found 86100 unique location-time pairs for monthly training data

Detailed report saved to: /mnt/guanabana/raid/hdd1/qinxu/Python/LCF-ViT/data/results/dataset_report_monthly.txt

DataLoader Configuration:
Dataset size: 86100 samples
Batch size: 48
Number of workers: 16
Expected iterations per epoch: 1793
Using 3 GPUs!

Starting training for 50 epochs...

Epoch 1/50
Epoch 1:   0%|          | 0/4317 [00:00<?, ?it/s]Epoch 1:   0%|          | 0/4317 [00:10<?, ?it/s]
Traceback (most recent call last):
  File "/mnt/guanabana/raid/home/qinxu/Python/LCF-ViT/training/vit1_train.py", line 741, in <module>
    main()
  File "/mnt/guanabana/raid/home/qinxu/Python/LCF-ViT/training/vit1_train.py", line 704, in main
    trainer.train()
  File "/mnt/guanabana/raid/home/qinxu/Python/LCF-ViT/training/vit1_train.py", line 607, in train
    train_loss, train_metrics = self.train_epoch(epoch)
                                ^^^^^^^^^^^^^^^^^^^^^^^
  File "/mnt/guanabana/raid/home/qinxu/Python/LCF-ViT/training/vit1_train.py", line 296, in train_epoch
    predictions = self.model(sentinel_data)
                  ^^^^^^^^^^^^^^^^^^^^^^^^^
  File "/mnt/guanabana/raid/home/qinxu/land_cover_fraction/lib/python3.12/site-packages/torch/nn/modules/module.py", line 1511, in _wrapped_call_impl
    return self._call_impl(*args, **kwargs)
           ^^^^^^^^^^^^^^^^^^^^^^^^^^^^^^^^
  File "/mnt/guanabana/raid/home/qinxu/land_cover_fraction/lib/python3.12/site-packages/torch/nn/modules/module.py", line 1520, in _call_impl
    return forward_call(*args, **kwargs)
           ^^^^^^^^^^^^^^^^^^^^^^^^^^^^^
  File "/mnt/guanabana/raid/home/qinxu/Python/LCF-ViT/models/vit_model1_monthly_15.py", line 421, in forward
    tokens = blk(tokens)
             ^^^^^^^^^^^
  File "/mnt/guanabana/raid/home/qinxu/land_cover_fraction/lib/python3.12/site-packages/torch/nn/modules/module.py", line 1511, in _wrapped_call_impl
    return self._call_impl(*args, **kwargs)
           ^^^^^^^^^^^^^^^^^^^^^^^^^^^^^^^^
  File "/mnt/guanabana/raid/home/qinxu/land_cover_fraction/lib/python3.12/site-packages/torch/nn/modules/module.py", line 1520, in _call_impl
    return forward_call(*args, **kwargs)
           ^^^^^^^^^^^^^^^^^^^^^^^^^^^^^
  File "/mnt/guanabana/raid/home/qinxu/Python/LCF-ViT/models/vit_model1_monthly_15.py", line 191, in forward
    x = x + self.drop_path(self.mlp(self.norm2(x)))
                           ^^^^^^^^^^^^^^^^^^^^^^^
  File "/mnt/guanabana/raid/home/qinxu/land_cover_fraction/lib/python3.12/site-packages/torch/nn/modules/module.py", line 1511, in _wrapped_call_impl
    return self._call_impl(*args, **kwargs)
           ^^^^^^^^^^^^^^^^^^^^^^^^^^^^^^^^
  File "/mnt/guanabana/raid/home/qinxu/land_cover_fraction/lib/python3.12/site-packages/torch/nn/modules/module.py", line 1520, in _call_impl
    return forward_call(*args, **kwargs)
           ^^^^^^^^^^^^^^^^^^^^^^^^^^^^^
  File "/mnt/guanabana/raid/home/qinxu/Python/LCF-ViT/models/vit_model1_monthly_15.py", line 112, in forward
    x = self.fc2(x) # (n_samples, n_patches + 1, out_features)
        ^^^^^^^^^^^
  File "/mnt/guanabana/raid/home/qinxu/land_cover_fraction/lib/python3.12/site-packages/torch/nn/modules/module.py", line 1511, in _wrapped_call_impl
    return self._call_impl(*args, **kwargs)
           ^^^^^^^^^^^^^^^^^^^^^^^^^^^^^^^^
  File "/mnt/guanabana/raid/home/qinxu/land_cover_fraction/lib/python3.12/site-packages/torch/nn/modules/module.py", line 1520, in _call_impl
    return forward_call(*args, **kwargs)
           ^^^^^^^^^^^^^^^^^^^^^^^^^^^^^
  File "/mnt/guanabana/raid/home/qinxu/land_cover_fraction/lib/python3.12/site-packages/torch/nn/modules/linear.py", line 116, in forward
    return F.linear(input, self.weight, self.bias)
           ^^^^^^^^^^^^^^^^^^^^^^^^^^^^^^^^^^^^^^^
torch.cuda.OutOfMemoryError: CUDA out of memory. Tried to allocate 2.00 MiB. GPU 0 has a total capacity of 10.90 GiB of which 3.25 MiB is free. Process 1148990 has 400.00 MiB memory in use. Process 1511545 has 952.00 MiB memory in use. Including non-PyTorch memory, this process has 9.58 GiB memory in use. Of the allocated memory 8.69 GiB is allocated by PyTorch, and 735.16 MiB is reserved by PyTorch but unallocated. If reserved but unallocated memory is large try setting PYTORCH_CUDA_ALLOC_CONF=expandable_segments:True to avoid fragmentation.  See documentation for Memory Management  (https://pytorch.org/docs/stable/notes/cuda.html#environment-variables)
