Thu Jan  2 22:39:09 2025       
+-----------------------------------------------------------------------------------------+
| NVIDIA-SMI 565.57.01              Driver Version: 565.57.01      CUDA Version: 12.7     |
|-----------------------------------------+------------------------+----------------------+
| GPU  Name                 Persistence-M | Bus-Id          Disp.A | Volatile Uncorr. ECC |
| Fan  Temp   Perf          Pwr:Usage/Cap |           Memory-Usage | GPU-Util  Compute M. |
|                                         |                        |               MIG M. |
|=========================================+========================+======================|
|   0  NVIDIA GeForce GTX 1080 Ti     On  |   00000000:02:00.0 Off |                  N/A |
| 29%   28C    P8              9W /  250W |       5MiB /  11264MiB |      0%      Default |
|                                         |                        |                  N/A |
+-----------------------------------------+------------------------+----------------------+
|   1  NVIDIA GeForce GTX 1080 Ti     On  |   00000000:03:00.0 Off |                  N/A |
| 29%   28C    P8              8W /  250W |       5MiB /  11264MiB |      0%      Default |
|                                         |                        |                  N/A |
+-----------------------------------------+------------------------+----------------------+
|   2  NVIDIA GeForce GTX 1080 Ti     On  |   00000000:82:00.0 Off |                  N/A |
| 30%   25C    P8              8W /  250W |       5MiB /  11264MiB |      0%      Default |
|                                         |                        |                  N/A |
+-----------------------------------------+------------------------+----------------------+
|   3  NVIDIA GeForce GTX 1080 Ti     On  |   00000000:83:00.0 Off |                  N/A |
| 29%   27C    P8              8W /  250W |       5MiB /  11264MiB |      0%      Default |
|                                         |                        |                  N/A |
+-----------------------------------------+------------------------+----------------------+
                                                                                         
+-----------------------------------------------------------------------------------------+
| Processes:                                                                              |
|  GPU   GI   CI        PID   Type   Process name                              GPU Memory |
|        ID   ID                                                               Usage      |
|=========================================================================================|
|  No running processes found                                                             |
+-----------------------------------------------------------------------------------------+

CUDA Environment:
CUDA available: True
CUDA version: 12.1
Traceback (most recent call last):
  File "/mnt/guanabana/raid/home/qinxu/Python/LCF-ViT/mlp.py", line 175, in <module>
    print(f"CUDA_VISIBLE_DEVICES: {os.environ.get('CUDA_VISIBLE_DEVICES', 'Not set')}")
                                   ^^
NameError: name 'os' is not defined. Did you forget to import 'os'?
